<?xml version="1.0" encoding="UTF-8"?>
<!-- Generated by org.testng.reporters.JUnitXMLReporter -->
<testsuite ignored="0" hostname="DESKTOP-2RERH7F" failures="1" tests="2" name="ProfileTest" time="29.594" errors="0" timestamp="16 Mar 2018 08:26:28 GMT">
  <testcase classname="dd_testcases.MyProfileTest" name="E" time="28.652">
    <failure type="java.lang.NullPointerException">
      <![CDATA[java.lang.NullPointerException
at dd_testcases.MyProfileTest.E(MyProfileTest.java:33)
... Removed 25 stack frames]]>
    </failure>
  </testcase> <!-- E -->
  <testcase classname="dd_testcases.MyProfileTest" name="F" time="0.92"/>
</testsuite> <!-- ProfileTest -->
