<?xml version="1.0" encoding="UTF-8"?>
<testng-results ignored="0" total="4" passed="3" failed="1" skipped="0">
  <reporter-output>
  </reporter-output>
  <suite started-at="2018-03-16T08:25:42Z" name="TestNG Online Learning" finished-at="2018-03-16T08:26:28Z" duration-ms="45095">
    <groups>
    </groups>
    <test started-at="2018-03-16T08:25:42Z" name="LoginTest" finished-at="2018-03-16T08:25:57Z" duration-ms="14975">
      <class name="dd_testcases.LoginTest">
        <test-method is-config="true" signature="isSkip()[pri:0, instance:dd_testcases.LoginTest@4044fb95]" started-at="2018-03-16T08:25:42Z" name="isSkip" finished-at="2018-03-16T08:25:42Z" duration-ms="51" status="PASS">
          <reporter-output>
          </reporter-output>
        </test-method> <!-- isSkip -->
        <test-method signature="B(java.lang.String, java.lang.String)[pri:0, instance:dd_testcases.LoginTest@4044fb95]" started-at="2018-03-16T08:25:42Z" name="B" data-provider="getData" finished-at="2018-03-16T08:25:56Z" duration-ms="13853" status="PASS">
          <params>
            <param index="0">
              <value>
                <![CDATA[harsh398@live.com]]>
              </value>
            </param>
            <param index="1">
              <value>
                <![CDATA[jumper398]]>
              </value>
            </param>
          </params>
          <reporter-output>
          </reporter-output>
        </test-method> <!-- B -->
        <test-method signature="C()[pri:0, instance:dd_testcases.LoginTest@4044fb95]" started-at="2018-03-16T08:25:56Z" name="C" finished-at="2018-03-16T08:25:57Z" duration-ms="1041" status="PASS">
          <reporter-output>
          </reporter-output>
        </test-method> <!-- C -->
      </class> <!-- dd_testcases.LoginTest -->
    </test> <!-- LoginTest -->
    <test started-at="2018-03-16T08:25:58Z" name="ProfileTest" finished-at="2018-03-16T08:26:28Z" duration-ms="29594">
      <class name="dd_testcases.MyProfileTest">
        <test-method is-config="true" signature="init()[pri:0, instance:dd_testcases.MyProfileTest@4504d271]" started-at="2018-03-16T08:25:26Z" name="init" finished-at="2018-03-16T08:25:42Z" duration-ms="16287" status="PASS">
          <reporter-output>
          </reporter-output>
        </test-method> <!-- init -->
        <test-method is-config="true" signature="isSkip()[pri:0, instance:dd_testcases.MyProfileTest@4504d271]" started-at="2018-03-16T08:25:58Z" name="isSkip" finished-at="2018-03-16T08:25:58Z" duration-ms="3" status="PASS">
          <reporter-output>
          </reporter-output>
        </test-method> <!-- isSkip -->
        <test-method signature="E()[pri:0, instance:dd_testcases.MyProfileTest@4504d271]" started-at="2018-03-16T08:25:58Z" name="E" finished-at="2018-03-16T08:26:27Z" duration-ms="28652" status="FAIL">
          <exception class="java.lang.NullPointerException">
            <full-stacktrace>
              <![CDATA[java.lang.NullPointerException
at dd_testcases.MyProfileTest.E(MyProfileTest.java:33)
at java.base/jdk.internal.reflect.NativeMethodAccessorImpl.invoke0(Native Method)
at java.base/jdk.internal.reflect.NativeMethodAccessorImpl.invoke(Unknown Source)
at java.base/jdk.internal.reflect.DelegatingMethodAccessorImpl.invoke(Unknown Source)
at java.base/java.lang.reflect.Method.invoke(Unknown Source)
at org.testng.internal.MethodInvocationHelper.invokeMethod(MethodInvocationHelper.java:124)
at org.testng.internal.Invoker.invokeMethod(Invoker.java:580)
at org.testng.internal.Invoker.invokeTestMethod(Invoker.java:716)
at org.testng.internal.Invoker.invokeTestMethods(Invoker.java:988)
at org.testng.internal.TestMethodWorker.invokeTestMethods(TestMethodWorker.java:125)
at org.testng.internal.TestMethodWorker.run(TestMethodWorker.java:109)
at org.testng.TestRunner.privateRun(TestRunner.java:648)
at org.testng.TestRunner.run(TestRunner.java:505)
at org.testng.SuiteRunner.runTest(SuiteRunner.java:455)
at org.testng.SuiteRunner.runSequentially(SuiteRunner.java:450)
at org.testng.SuiteRunner.privateRun(SuiteRunner.java:415)
at org.testng.SuiteRunner.run(SuiteRunner.java:364)
at org.testng.SuiteRunnerWorker.runSuite(SuiteRunnerWorker.java:52)
at org.testng.SuiteRunnerWorker.run(SuiteRunnerWorker.java:84)
at org.testng.TestNG.runSuitesSequentially(TestNG.java:1208)
at org.testng.TestNG.runSuitesLocally(TestNG.java:1137)
at org.testng.TestNG.runSuites(TestNG.java:1049)
at org.testng.TestNG.run(TestNG.java:1017)
at org.testng.remote.AbstractRemoteTestNG.run(AbstractRemoteTestNG.java:114)
at org.testng.remote.RemoteTestNG.initAndRun(RemoteTestNG.java:251)
at org.testng.remote.RemoteTestNG.main(RemoteTestNG.java:77)
]]>
            </full-stacktrace>
          </exception> <!-- java.lang.NullPointerException -->
          <reporter-output>
          </reporter-output>
        </test-method> <!-- E -->
        <test-method signature="F()[pri:0, instance:dd_testcases.MyProfileTest@4504d271]" started-at="2018-03-16T08:26:27Z" name="F" finished-at="2018-03-16T08:26:28Z" duration-ms="920" status="PASS">
          <reporter-output>
          </reporter-output>
        </test-method> <!-- F -->
        <test-method is-config="true" signature="QuitDriver()[pri:0, instance:dd_testcases.MyProfileTest@4504d271]" started-at="2018-03-16T08:26:28Z" name="QuitDriver" finished-at="2018-03-16T08:26:28Z" duration-ms="1" status="PASS">
          <reporter-output>
          </reporter-output>
        </test-method> <!-- QuitDriver -->
      </class> <!-- dd_testcases.MyProfileTest -->
    </test> <!-- ProfileTest -->
  </suite> <!-- TestNG Online Learning -->
</testng-results>
